<?xml version="1.0" encoding="UTF-8"?>
<testsuite name="SorterTest" tests="2" skipped="0" failures="0" errors="0" timestamp="2022-01-19T23:49:21" hostname="DESKTOP-9AVJG64" time="0.005">
  <properties/>
  <testcase name="testSortNamesNull" classname="SorterTest" time="0.003"/>
  <testcase name="testSortNamesFunctionality" classname="SorterTest" time="0.002"/>
  <system-out><![CDATA[]]></system-out>
  <system-err><![CDATA[]]></system-err>
</testsuite>
