<?xml version="1.0" encoding="UTF-8"?>
<testsuite name="FileOperationsTest" tests="5" skipped="0" failures="0" errors="0" timestamp="2022-01-20T01:18:29" hostname="DESKTOP-9AVJG64" time="0.02">
  <properties/>
  <testcase name="testSetInputFileTest" classname="FileOperationsTest" time="0.007"/>
  <testcase name="testInputFileEmpty" classname="FileOperationsTest" time="0.001"/>
  <testcase name="testMissingName" classname="FileOperationsTest" time="0.007"/>
  <testcase name="testReadInputFileFunctionality" classname="FileOperationsTest" time="0.003"/>
  <testcase name="testGetInputFileTest" classname="FileOperationsTest" time="0.0"/>
  <system-out><![CDATA[]]></system-out>
  <system-err><![CDATA[]]></system-err>
</testsuite>
